<?xml version="1.0" encoding="UTF-8"?>
<testsuite xmlns:xsi="http://www.w3.org/2001/XMLSchema-instance" xsi:noNamespaceSchemaLocation="https://maven.apache.org/surefire/maven-surefire-plugin/xsd/surefire-test-report.xsd" name="Test001" time="0.013" tests="2" errors="2" skipped="0" failures="0">
  <properties>
[...]
</properties>
  <testcase name="testA" classname="Test001" time="0.01">
    <error message="Unresolved compilation problem: &#10;	The declared package &quot;testcases&quot; does not match the expected package &quot;&quot;&#10;" type="java.lang.Error"><![CDATA[java.lang.Error: 
Unresolved compilation problem: 
	The declared package "testcases" does not match the expected package ""

	at Test001.<init>(Test001.java:1)
]]></error>
  </testcase>
  <testcase name="testB" classname="Test001" time="0">
    <error message="Unresolved compilation problem: &#10;	The declared package &quot;testcases&quot; does not match the expected package &quot;&quot;&#10;" type="java.lang.Error"><![CDATA[java.lang.Error: 
Unresolved compilation problem: 
	The declared package "testcases" does not match the expected package ""

	at Test001.<init>(Test001.java:1)
]]></error>
  </testcase>
</testsuite>