-------------------------------------------------------------------------------
Test set: Test001
-------------------------------------------------------------------------------
Tests run: 2, Failures: 0, Errors: 2, Skipped: 0, Time elapsed: 0.013 s <<< FAILURE! - in Test001
testA  Time elapsed: 0.01 s  <<< ERROR!
java.lang.Error: 
Unresolved compilation problem: 
	The declared package "testcases" does not match the expected package ""

	at Test001.<init>(Test001.java:1)

testB  Time elapsed: 0 s  <<< ERROR!
java.lang.Error: 
Unresolved compilation problem: 
	The declared package "testcases" does not match the expected package ""

	at Test001.<init>(Test001.java:1)

